INFO - Selected Word: 'ahold'
DEBUG - Input: tombs
DEBUG - i: 0, lttr: t
DEBUG - Greens: []
DEBUG - i: 1, lttr: o
DEBUG - Greens: [2]
DEBUG - i: 2, lttr: m
DEBUG - Greens: [2]
DEBUG - i: 3, lttr: b
DEBUG - Greens: [2]
DEBUG - i: 4, lttr: s
DEBUG - Greens: [2]
DEBUG - Input: tombs
DEBUG - i: 0, lttr: t
DEBUG - Greens: []
DEBUG - i: 1, lttr: o
DEBUG - Greens: [2]
DEBUG - i: 2, lttr: m
DEBUG - Greens: [2]
DEBUG - i: 3, lttr: b
DEBUG - Greens: [2]
DEBUG - i: 4, lttr: s
DEBUG - Greens: [2]
DEBUG - Input: tombs
DEBUG - i: 0, lttr: t
DEBUG - Greens: []
DEBUG - i: 1, lttr: o
DEBUG - Greens: [2]
DEBUG - i: 2, lttr: m
DEBUG - Greens: [2]
DEBUG - i: 3, lttr: b
DEBUG - Greens: [2]
DEBUG - i: 4, lttr: s
DEBUG - Greens: [2]
DEBUG - Input: tombs
DEBUG - i: 0, lttr: t
DEBUG - Greens: []
DEBUG - i: 1, lttr: o
DEBUG - Greens: [2]
DEBUG - i: 2, lttr: m
DEBUG - Greens: [2]
DEBUG - i: 3, lttr: b
DEBUG - Greens: [2]
DEBUG - i: 4, lttr: s
DEBUG - Greens: [2]
DEBUG - Input: tombs
DEBUG - i: 0, lttr: t
DEBUG - Greens: []
DEBUG - i: 1, lttr: o
DEBUG - Greens: [2]
DEBUG - i: 2, lttr: m
DEBUG - Greens: [2]
DEBUG - i: 3, lttr: b
DEBUG - Greens: [2]
DEBUG - i: 4, lttr: s
DEBUG - Greens: [2]
DEBUG - Input: ahold
DEBUG - i: 0, lttr: a
DEBUG - Greens: [0]
DEBUG - i: 1, lttr: h
DEBUG - Greens: [0, 1]
DEBUG - i: 2, lttr: o
DEBUG - Greens: [0, 1, 2]
DEBUG - i: 3, lttr: l
DEBUG - Greens: [0, 1, 2, 3]
DEBUG - i: 4, lttr: d
DEBUG - Greens: [0, 1, 2, 3, 4]
